0 info it worked if it ends with ok
1 verbose cli [ '/home/ubuntu/.nvm/versions/node/v6.5.0/bin/node',
1 verbose cli   '/home/ubuntu/.nvm/versions/node/v6.5.0/bin/npm',
1 verbose cli   'run',
1 verbose cli   'deploy-dev' ]
2 info using npm@3.10.3
3 info using node@v6.5.0
4 verbose run-script [ 'predeploy-dev', 'deploy-dev', 'postdeploy-dev' ]
5 info lifecycle robototes-website@0.0.0~predeploy-dev: robototes-website@0.0.0
6 silly lifecycle robototes-website@0.0.0~predeploy-dev: no script for predeploy-dev, continuing
7 info lifecycle robototes-website@0.0.0~deploy-dev: robototes-website@0.0.0
8 verbose lifecycle robototes-website@0.0.0~deploy-dev: unsafe-perm in lifecycle true
9 verbose lifecycle robototes-website@0.0.0~deploy-dev: PATH: /home/ubuntu/.nvm/versions/node/v6.5.0/lib/node_modules/npm/bin/node-gyp-bin:/home/ubuntu/workspace/node_modules/.bin:/home/ubuntu/.nvm/versions/node/v6.5.0/bin:/home/ubuntu/.nvm/versions/node/v6.5.0/bin:/usr/local/rvm/gems/ruby-2.3.0/bin:/usr/local/rvm/gems/ruby-2.3.0@global/bin:/usr/local/rvm/rubies/ruby-2.3.0/bin:/mnt/shared/bin:/home/ubuntu/workspace/node_modules/.bin:/home/ubuntu/bin:/usr/local/sbin:/usr/local/bin:/usr/sbin:/usr/bin:/sbin:/bin:/mnt/shared/sbin:/opt/gitl:/opt/go/bin:/mnt/shared/c9/app.nw/bin:/usr/local/rvm/bin
10 verbose lifecycle robototes-website@0.0.0~deploy-dev: CWD: /home/ubuntu/workspace
11 silly lifecycle robototes-website@0.0.0~deploy-dev: Args: [ '-c',
11 silly lifecycle   'NODE_ENV=development naught deploy server/dev/naught.ipc' ]
12 silly lifecycle robototes-website@0.0.0~deploy-dev: Returned: code: 1  signal: null
13 info lifecycle robototes-website@0.0.0~deploy-dev: Failed to exec deploy-dev script
14 verbose stack Error: robototes-website@0.0.0 deploy-dev: `NODE_ENV=development naught deploy server/dev/naught.ipc`
14 verbose stack Exit status 1
14 verbose stack     at EventEmitter.<anonymous> (/home/ubuntu/.nvm/versions/node/v6.5.0/lib/node_modules/npm/lib/utils/lifecycle.js:242:16)
14 verbose stack     at emitTwo (events.js:106:13)
14 verbose stack     at EventEmitter.emit (events.js:191:7)
14 verbose stack     at ChildProcess.<anonymous> (/home/ubuntu/.nvm/versions/node/v6.5.0/lib/node_modules/npm/lib/utils/spawn.js:40:14)
14 verbose stack     at emitTwo (events.js:106:13)
14 verbose stack     at ChildProcess.emit (events.js:191:7)
14 verbose stack     at maybeClose (internal/child_process.js:877:16)
14 verbose stack     at Process.ChildProcess._handle.onexit (internal/child_process.js:226:5)
15 verbose pkgid robototes-website@0.0.0
16 verbose cwd /home/ubuntu/workspace/views/cdn/media
17 error Linux 4.2.0-c9
18 error argv "/home/ubuntu/.nvm/versions/node/v6.5.0/bin/node" "/home/ubuntu/.nvm/versions/node/v6.5.0/bin/npm" "run" "deploy-dev"
19 error node v6.5.0
20 error npm  v3.10.3
21 error code ELIFECYCLE
22 error robototes-website@0.0.0 deploy-dev: `NODE_ENV=development naught deploy server/dev/naught.ipc`
22 error Exit status 1
23 error Failed at the robototes-website@0.0.0 deploy-dev script 'NODE_ENV=development naught deploy server/dev/naught.ipc'.
23 error Make sure you have the latest version of node.js and npm installed.
23 error If you do, this is most likely a problem with the robototes-website package,
23 error not with npm itself.
23 error Tell the author that this fails on your system:
23 error     NODE_ENV=development naught deploy server/dev/naught.ipc
23 error You can get information on how to open an issue for this project with:
23 error     npm bugs robototes-website
23 error Or if that isn't available, you can get their info via:
23 error     npm owner ls robototes-website
23 error There is likely additional logging output above.
24 verbose exit [ 1, true ]
